Loading the manifest data
Loading super manfiest files from all sources
Getting manifests from remote and/or local sources
Processing system manifest 'https://modustoolbox.infineon.com/manifests/mtb-super-manifest/v2.X/mtb-super-manifest-fv2.xml'
Downloading super manifest file 'https://modustoolbox.infineon.com/manifests/mtb-super-manifest/v2.X/mtb-super-manifest-fv2.xml'
Finished loading super manifest files from all sources
Finished download of file 'https://modustoolbox.infineon.com/manifests/mtb-super-manifest/v2.X/mtb-super-manifest-fv2.xml'
Starting to parse super manifest with URL 'https://modustoolbox.infineon.com/manifests/mtb-super-manifest/v2.X/mtb-super-manifest-fv2.xml'
Finished parsing super manifest with URL 'https://modustoolbox.infineon.com/manifests/mtb-super-manifest/v2.X/mtb-super-manifest-fv2.xml'
Downloading manifest file 'https://github.com/Infineon/mtb-ce-manifest/raw/v2.X/mtb-ce-manifest.xml'
Downloading manifest file 'https://github.com/Infineon/mtb-ce-manifest/raw/v2.X/mtb-ce-manifest-fv2.xml'
Downloading manifest file 'https://github.com/Infineon/mtb-bt-app-manifest/raw/v2.X/mtb-bt-app-manifest.xml'
Downloading manifest file 'https://github.com/Infineon/mtb-bt-app-manifest/raw/v2.X/mtb-bt-app-manifest-fv2.xml'
Downloading manifest file 'https://github.com/Infineon/cce-app-manifest/raw/v2.X/cce-app-manifest-fv2.xml'
Downloading manifest file 'https://github.com/Altia-Marketing/altia-ce-manifest/raw/main/altia-ce-manifest-fv2.xml'
Downloading manifest file 'https://github.com/CyberonEBU/cyberon-mtb-ce-manifest/raw/main/cyberon-mtb-ce-manifest-fv2.xml'
Downloading manifest file 'https://github.com/edgeimpulse/edgeimpulse-ce-manifest/raw/main/edgeimpulse-ce-manifest-fv2.xml'
Downloading manifest file 'https://github.com/golioth/mtb-golioth-ce-manifest/raw/main/mtb-golioth-ce-manifest-fv2.xml'
Downloading manifest file 'https://github.com/memfault/mtb-memfault-ce-manifest/raw/main/mtb-memfault-ce-manifest-fv2.xml'
Downloading manifest file 'https://github.com/RutronikSystemSolutions/rutronik-ce-manifest/raw/main/rutronik-ce-manifest-fv2.xml'
Downloading manifest file 'https://github.com/sensiml/sensiml-ce-manifest/raw/main/sensiml-ce-manifest-fv2.xml'
Downloading manifest file 'https://github.com/Infineon/mtb-bsp-manifest/raw/v2.X/mtb-bsp-manifest.xml'
Downloading manifest file 'https://github.com/Infineon/mtb-bsp-manifest/raw/v2.X/mtb-bsp-manifest-fv2.xml'
Downloading manifest file 'https://github.com/Infineon/mtb-bsp-manifest/raw/v2.X/mtb-bsp-dependencies-manifest.xml'
Downloading manifest file 'https://github.com/Infineon/mtb-bt-bsp-manifest/raw/v2.X/mtb-bt-bsp-manifest.xml'
Downloading manifest file 'https://github.com/Infineon/mtb-bt-bsp-manifest/raw/v2.X/mtb-bt-bsp-manifest-fv2.xml'
Downloading manifest file 'https://github.com/Infineon/mtb-bt-bsp-manifest/raw/v2.X/mtb-bt-bsp-dependencies-manifest.xml'
Downloading manifest file 'https://github.com/RutronikSystemSolutions/rutronik-bsp-manifest/raw/main/rutronik-bsp-manifest-fv2.xml'
Downloading manifest file 'https://github.com/RutronikSystemSolutions/rutronik-bsp-manifest/raw/main/rutronik-bsp-dependencies-manifest.xml'
Downloading manifest file 'https://github.com/Infineon/mtb-mw-manifest/raw/v2.X/mtb-mw-manifest.xml'
Downloading manifest file 'https://github.com/Infineon/mtb-mw-manifest/raw/v2.X/mtb-mw-manifest-fv2.xml'
Downloading manifest file 'https://github.com/Infineon/mtb-mw-manifest/raw/v2.X/mtb-mw-dependencies-manifest.xml'
Downloading manifest file 'https://github.com/Infineon/mtb-bt-mw-manifest/raw/v2.X/mtb-bt-mw-manifest.xml'
Downloading manifest file 'https://github.com/Infineon/mtb-bt-mw-manifest/raw/v2.X/mtb-bt-mw-manifest-fv2.xml'
Downloading manifest file 'https://github.com/Infineon/mtb-bt-mw-manifest/raw/v2.X/mtb-bt-mw-dependencies-manifest.xml'
Downloading manifest file 'https://github.com/Infineon/mtb-wifi-mw-manifest/raw/v2.X/mtb-wifi-mw-manifest.xml'
Downloading manifest file 'https://github.com/Infineon/mtb-wifi-mw-manifest/raw/v2.X/mtb-wifi-mw-manifest-fv2.xml'
Downloading manifest file 'https://github.com/Infineon/mtb-wifi-mw-manifest/raw/v2.X/mtb-wifi-mw-dependencies-manifest.xml'
Downloading manifest file 'https://github.com/CyberonEBU/cyberon-mtb-mw-manifest/raw/main/cyberon-mtb-mw-manifest-fv2.xml'
Downloading manifest file 'https://github.com/golioth/mtb-golioth-mw-manifest/raw/main/mtb-golioth-mw-manifest-fv2.xml'
Downloading manifest file 'https://github.com/memfault/mtb-memfault-mw-manifest/raw/main/mtb-memfault-mw-manifest-fv2.xml'
Downloading manifest file 'https://github.com/sensiml/sensiml-mw-manifest/raw/main/sensiml-mw-manifest-fv2.xml'
Finished download of file 'https://github.com/Infineon/mtb-ce-manifest/raw/v2.X/mtb-ce-manifest.xml'
Finished download of file 'https://github.com/Infineon/mtb-ce-manifest/raw/v2.X/mtb-ce-manifest-fv2.xml'
Finished download of file 'https://github.com/Infineon/mtb-bt-app-manifest/raw/v2.X/mtb-bt-app-manifest.xml'
Finished download of file 'https://github.com/Infineon/mtb-bt-app-manifest/raw/v2.X/mtb-bt-app-manifest-fv2.xml'
Finished download of file 'https://github.com/Infineon/cce-app-manifest/raw/v2.X/cce-app-manifest-fv2.xml'
Finished download of file 'https://github.com/Altia-Marketing/altia-ce-manifest/raw/main/altia-ce-manifest-fv2.xml'
Finished download of file 'https://github.com/CyberonEBU/cyberon-mtb-ce-manifest/raw/main/cyberon-mtb-ce-manifest-fv2.xml'
Finished download of file 'https://github.com/edgeimpulse/edgeimpulse-ce-manifest/raw/main/edgeimpulse-ce-manifest-fv2.xml'
Finished download of file 'https://github.com/golioth/mtb-golioth-ce-manifest/raw/main/mtb-golioth-ce-manifest-fv2.xml'
Finished download of file 'https://github.com/memfault/mtb-memfault-ce-manifest/raw/main/mtb-memfault-ce-manifest-fv2.xml'
Finished download of file 'https://github.com/RutronikSystemSolutions/rutronik-ce-manifest/raw/main/rutronik-ce-manifest-fv2.xml'
Finished download of file 'https://github.com/sensiml/sensiml-ce-manifest/raw/main/sensiml-ce-manifest-fv2.xml'
Finished download of file 'https://github.com/Infineon/mtb-bsp-manifest/raw/v2.X/mtb-bsp-manifest.xml'
Finished download of file 'https://github.com/Infineon/mtb-bsp-manifest/raw/v2.X/mtb-bsp-manifest-fv2.xml'
Finished download of file 'https://github.com/Infineon/mtb-bsp-manifest/raw/v2.X/mtb-bsp-dependencies-manifest.xml'
Finished download of file 'https://github.com/Infineon/mtb-bt-bsp-manifest/raw/v2.X/mtb-bt-bsp-manifest.xml'
Finished download of file 'https://github.com/Infineon/mtb-bt-bsp-manifest/raw/v2.X/mtb-bt-bsp-manifest-fv2.xml'
Finished download of file 'https://github.com/Infineon/mtb-bt-bsp-manifest/raw/v2.X/mtb-bt-bsp-dependencies-manifest.xml'
Finished download of file 'https://github.com/RutronikSystemSolutions/rutronik-bsp-manifest/raw/main/rutronik-bsp-manifest-fv2.xml'
Finished download of file 'https://github.com/RutronikSystemSolutions/rutronik-bsp-manifest/raw/main/rutronik-bsp-dependencies-manifest.xml'
Finished download of file 'https://github.com/Infineon/mtb-mw-manifest/raw/v2.X/mtb-mw-manifest.xml'
Finished download of file 'https://github.com/Infineon/mtb-mw-manifest/raw/v2.X/mtb-mw-manifest-fv2.xml'
Finished download of file 'https://github.com/Infineon/mtb-mw-manifest/raw/v2.X/mtb-mw-dependencies-manifest.xml'
Finished download of file 'https://github.com/Infineon/mtb-bt-mw-manifest/raw/v2.X/mtb-bt-mw-manifest.xml'
Finished download of file 'https://github.com/Infineon/mtb-bt-mw-manifest/raw/v2.X/mtb-bt-mw-manifest-fv2.xml'
Finished download of file 'https://github.com/Infineon/mtb-bt-mw-manifest/raw/v2.X/mtb-bt-mw-dependencies-manifest.xml'
Finished download of file 'https://github.com/Infineon/mtb-wifi-mw-manifest/raw/v2.X/mtb-wifi-mw-manifest.xml'
Finished download of file 'https://github.com/Infineon/mtb-wifi-mw-manifest/raw/v2.X/mtb-wifi-mw-manifest-fv2.xml'
Finished download of file 'https://github.com/Infineon/mtb-wifi-mw-manifest/raw/v2.X/mtb-wifi-mw-dependencies-manifest.xml'
Finished download of file 'https://github.com/CyberonEBU/cyberon-mtb-mw-manifest/raw/main/cyberon-mtb-mw-manifest-fv2.xml'
Finished download of file 'https://github.com/golioth/mtb-golioth-mw-manifest/raw/main/mtb-golioth-mw-manifest-fv2.xml'
Finished download of file 'https://github.com/memfault/mtb-memfault-mw-manifest/raw/main/mtb-memfault-mw-manifest-fv2.xml'
Finished download of file 'https://github.com/sensiml/sensiml-mw-manifest/raw/main/sensiml-mw-manifest-fv2.xml'
Finished loading the manifest data (946 ms)
Loading the device db
Finished loading the device db (635 ms)
INFO:directory '/usr/local/share/Infineon_Technologies_AG/Infineon-Toolbox' does not exist
INFO:Using the executable path for the tools directory.
0 error(s), 0 warning(s)
INFO:directory '/usr/local/share/Infineon_Technologies_AG/Infineon-Toolbox' does not exist
INFO:Using the executable path for the tools directory.

Summary: 

BSP: CY8CKIT-062-WIFI-BT
Template Application(s): Empty App
Application(s) Root Path: /home/xel/Documents/github/CY8CKIT-062-WIFI-BT_SmartDevice/src

Press "Create" to create the selected application(s).

Collecting application data...

Info: The following entered on the command line will create the exact same project as that created with the GUI tool:
/home/xel/ModusToolbox/tools_3.0/project-creator/bin/project-creator-cli --board-id CY8CKIT-062-WIFI-BT --board-uri https://github.com/cypresssemiconductorco/TARGET_CY8CKIT-062-WIFI-BT --board-commit latest-v4.X --app-id mtb-example-empty-app --app-uri https://github.com/Infineon/mtb-example-empty-app --app-commit latest-v4.X --cypress-tools /home/xel/ModusToolbox/tools_3.0 --target-dir /home/xel/Documents/github/CY8CKIT-062-WIFI-BT_SmartDevice/src --user-app-name SmartDevice --use-modus-shell

Starting application creation for '/home/xel/Documents/github/CY8CKIT-062-WIFI-BT_SmartDevice/src/SmartDevice'.
Acquiring the application source 'https://github.com/Infineon/mtb-example-empty-app'.
Acquired application source successfully.
Loading the application.
Loaded the application successfully.
Processing project 'SmartDevice'.
Starting to commit changes to the filesystem and project 'mtb-example-empty-app'.
Writing mtb file for asset 'CY8CKIT-062-WIFI-BT' to the folder '/home/xel/Documents/github/CY8CKIT-062-WIFI-BT_SmartDevice/src/SmartDevice/deps'.
Writing mtb file for asset 'cat1cm0p' to the folder '/home/xel/Documents/github/CY8CKIT-062-WIFI-BT_SmartDevice/src/SmartDevice/libs'.
Writing mtb file for asset 'core-lib' to the folder '/home/xel/Documents/github/CY8CKIT-062-WIFI-BT_SmartDevice/src/SmartDevice/libs'.
Writing mtb file for asset 'core-make' to the folder '/home/xel/Documents/github/CY8CKIT-062-WIFI-BT_SmartDevice/src/SmartDevice/libs'.
Writing mtb file for asset 'mtb-hal-cat1' to the folder '/home/xel/Documents/github/CY8CKIT-062-WIFI-BT_SmartDevice/src/SmartDevice/libs'.
Writing mtb file for asset 'mtb-pdl-cat1' to the folder '/home/xel/Documents/github/CY8CKIT-062-WIFI-BT_SmartDevice/src/SmartDevice/libs'.
Writing mtb file for asset 'recipe-make-cat1a' to the folder '/home/xel/Documents/github/CY8CKIT-062-WIFI-BT_SmartDevice/src/SmartDevice/libs'.
Writing mtb file for asset 'udb-sdio-whd' to the folder '/home/xel/Documents/github/CY8CKIT-062-WIFI-BT_SmartDevice/src/SmartDevice/libs'.
Writing mtb file for asset 'cmsis' to the folder '/home/xel/Documents/github/CY8CKIT-062-WIFI-BT_SmartDevice/src/SmartDevice/libs'.
Starting: git -C /home/xel/.modustoolbox/git/cache/git/https___github.com_cypresssemiconductorco_TARGET_CY8CKIT-062-WIFI-BT/TARGET_CY8CKIT-062-WIFI-BT config remote.origin.fetch 'refs/heads/*:refs/heads/*'
Starting: git -C /home/xel/.modustoolbox/git/cache/git/https___github.com_Infineon_cat1cm0p/cat1cm0p config remote.origin.fetch 'refs/heads/*:refs/heads/*'
Starting: git -C /home/xel/.modustoolbox/git/cache/git/https___github.com_cypresssemiconductorco_core-lib/core-lib config remote.origin.fetch 'refs/heads/*:refs/heads/*'
Success: git -C /home/xel/.modustoolbox/git/cache/git/https___github.com_cypresssemiconductorco_TARGET_CY8CKIT-062-WIFI-BT/TARGET_CY8CKIT-062-WIFI-BT config remote.origin.fetch 'refs/heads/*:refs/heads/*'
Starting: git -C /home/xel/.modustoolbox/git/cache/git/https___github.com_cypresssemiconductorco_core-make/core-make config remote.origin.fetch 'refs/heads/*:refs/heads/*'
Success: git -C /home/xel/.modustoolbox/git/cache/git/https___github.com_Infineon_cat1cm0p/cat1cm0p config remote.origin.fetch 'refs/heads/*:refs/heads/*'
Starting: git -C /home/xel/.modustoolbox/git/cache/git/https___github.com_cypresssemiconductorco_mtb-hal-cat1/mtb-hal-cat1 config remote.origin.fetch 'refs/heads/*:refs/heads/*'
Success: git -C /home/xel/.modustoolbox/git/cache/git/https___github.com_cypresssemiconductorco_core-lib/core-lib config remote.origin.fetch 'refs/heads/*:refs/heads/*'
Starting: git -C /home/xel/.modustoolbox/git/cache/git/https___github.com_cypresssemiconductorco_mtb-pdl-cat1/mtb-pdl-cat1 config remote.origin.fetch 'refs/heads/*:refs/heads/*'
Success: git -C /home/xel/.modustoolbox/git/cache/git/https___github.com_cypresssemiconductorco_core-make/core-make config remote.origin.fetch 'refs/heads/*:refs/heads/*'
Starting: git -C /home/xel/.modustoolbox/git/cache/git/https___github.com_cypresssemiconductorco_recipe-make-cat1a/recipe-make-cat1a config remote.origin.fetch 'refs/heads/*:refs/heads/*'
Success: git -C /home/xel/.modustoolbox/git/cache/git/https___github.com_cypresssemiconductorco_mtb-hal-cat1/mtb-hal-cat1 config remote.origin.fetch 'refs/heads/*:refs/heads/*'
Starting: git -C /home/xel/.modustoolbox/git/cache/git/https___github.com_cypresssemiconductorco_udb-sdio-whd/udb-sdio-whd config remote.origin.fetch 'refs/heads/*:refs/heads/*'
Success: git -C /home/xel/.modustoolbox/git/cache/git/https___github.com_cypresssemiconductorco_mtb-pdl-cat1/mtb-pdl-cat1 config remote.origin.fetch 'refs/heads/*:refs/heads/*'
Starting: git -C /home/xel/.modustoolbox/git/cache/git/https___github.com_Infineon_cmsis/cmsis config remote.origin.fetch 'refs/heads/*:refs/heads/*'
Success: git -C /home/xel/.modustoolbox/git/cache/git/https___github.com_cypresssemiconductorco_recipe-make-cat1a/recipe-make-cat1a config remote.origin.fetch 'refs/heads/*:refs/heads/*'
Starting: git -C /home/xel/.modustoolbox/git/cache/git/https___github.com_cypresssemiconductorco_TARGET_CY8CKIT-062-WIFI-BT/TARGET_CY8CKIT-062-WIFI-BT fetch --all --tags --force --quiet
Success: git -C /home/xel/.modustoolbox/git/cache/git/https___github.com_cypresssemiconductorco_udb-sdio-whd/udb-sdio-whd config remote.origin.fetch 'refs/heads/*:refs/heads/*'
Starting: git -C /home/xel/.modustoolbox/git/cache/git/https___github.com_Infineon_cat1cm0p/cat1cm0p fetch --all --tags --force --quiet
Success: git -C /home/xel/.modustoolbox/git/cache/git/https___github.com_Infineon_cmsis/cmsis config remote.origin.fetch 'refs/heads/*:refs/heads/*'
Starting: git -C /home/xel/.modustoolbox/git/cache/git/https___github.com_cypresssemiconductorco_core-lib/core-lib fetch --all --tags --force --quiet
Success: git -C /home/xel/.modustoolbox/git/cache/git/https___github.com_cypresssemiconductorco_TARGET_CY8CKIT-062-WIFI-BT/TARGET_CY8CKIT-062-WIFI-BT fetch --all --tags --force --quiet
Starting: git -C /home/xel/.modustoolbox/git/cache/git/https___github.com_cypresssemiconductorco_core-make/core-make fetch --all --tags --force --quiet
Success: git -C /home/xel/.modustoolbox/git/cache/git/https___github.com_cypresssemiconductorco_core-lib/core-lib fetch --all --tags --force --quiet
Starting: git -C /home/xel/.modustoolbox/git/cache/git/https___github.com_cypresssemiconductorco_mtb-hal-cat1/mtb-hal-cat1 fetch --all --tags --force --quiet
Success: git -C /home/xel/.modustoolbox/git/cache/git/https___github.com_Infineon_cat1cm0p/cat1cm0p fetch --all --tags --force --quiet
Starting: git -C /home/xel/.modustoolbox/git/cache/git/https___github.com_cypresssemiconductorco_mtb-pdl-cat1/mtb-pdl-cat1 fetch --all --tags --force --quiet
Success: git -C /home/xel/.modustoolbox/git/cache/git/https___github.com_cypresssemiconductorco_mtb-pdl-cat1/mtb-pdl-cat1 fetch --all --tags --force --quiet
Starting: git -C /home/xel/.modustoolbox/git/cache/git/https___github.com_cypresssemiconductorco_recipe-make-cat1a/recipe-make-cat1a fetch --all --tags --force --quiet
Success: git -C /home/xel/.modustoolbox/git/cache/git/https___github.com_cypresssemiconductorco_core-make/core-make fetch --all --tags --force --quiet
Starting: git -C /home/xel/.modustoolbox/git/cache/git/https___github.com_cypresssemiconductorco_udb-sdio-whd/udb-sdio-whd fetch --all --tags --force --quiet
Success: git -C /home/xel/.modustoolbox/git/cache/git/https___github.com_cypresssemiconductorco_mtb-hal-cat1/mtb-hal-cat1 fetch --all --tags --force --quiet
Starting: git -C /home/xel/.modustoolbox/git/cache/git/https___github.com_Infineon_cmsis/cmsis fetch --all --tags --force --quiet
Success: git -C /home/xel/.modustoolbox/git/cache/git/https___github.com_cypresssemiconductorco_recipe-make-cat1a/recipe-make-cat1a fetch --all --tags --force --quiet
Starting: git -C /home/xel/Documents/github/CY8CKIT-062-WIFI-BT_SmartDevice/src/SmartDevice/libs clone --origin cypress --no-checkout /home/xel/.modustoolbox/git/cache/git/https___github.com_cypresssemiconductorco_TARGET_CY8CKIT-062-WIFI-BT/TARGET_CY8CKIT-062-WIFI-BT TARGET_CY8CKIT-062-WIFI-BT
Success: git -C /home/xel/.modustoolbox/git/cache/git/https___github.com_cypresssemiconductorco_udb-sdio-whd/udb-sdio-whd fetch --all --tags --force --quiet
Starting: git -C /home/xel/Documents/github/CY8CKIT-062-WIFI-BT_SmartDevice/src/mtb_shared/core-lib clone --origin cypress --no-checkout /home/xel/.modustoolbox/git/cache/git/https___github.com_cypresssemiconductorco_core-lib/core-lib release-v1.3.1
Cloning into 'TARGET_CY8CKIT-062-WIFI-BT'...
Cloning into 'release-v1.3.1'...
done.
Success: git -C /home/xel/.modustoolbox/git/cache/git/https___github.com_Infineon_cmsis/cmsis fetch --all --tags --force --quiet
Starting: git -C /home/xel/Documents/github/CY8CKIT-062-WIFI-BT_SmartDevice/src/mtb_shared/cat1cm0p clone --origin cypress --no-checkout /home/xel/.modustoolbox/git/cache/git/https___github.com_Infineon_cat1cm0p/cat1cm0p release-v1.0.0
Success: git -C /home/xel/Documents/github/CY8CKIT-062-WIFI-BT_SmartDevice/src/SmartDevice/libs clone --origin cypress --no-checkout /home/xel/.modustoolbox/git/cache/git/https___github.com_cypresssemiconductorco_TARGET_CY8CKIT-062-WIFI-BT/TARGET_CY8CKIT-062-WIFI-BT TARGET_CY8CKIT-062-WIFI-BT
Starting: git -C /home/xel/Documents/github/CY8CKIT-062-WIFI-BT_SmartDevice/src/mtb_shared/mtb-pdl-cat1 clone --origin cypress --no-checkout /home/xel/.modustoolbox/git/cache/git/https___github.com_cypresssemiconductorco_mtb-pdl-cat1/mtb-pdl-cat1 release-v3.3.1
done.
Success: git -C /home/xel/Documents/github/CY8CKIT-062-WIFI-BT_SmartDevice/src/mtb_shared/core-lib clone --origin cypress --no-checkout /home/xel/.modustoolbox/git/cache/git/https___github.com_cypresssemiconductorco_core-lib/core-lib release-v1.3.1
Starting: git -C /home/xel/Documents/github/CY8CKIT-062-WIFI-BT_SmartDevice/src/mtb_shared/core-make clone --origin cypress --no-checkout /home/xel/.modustoolbox/git/cache/git/https___github.com_cypresssemiconductorco_core-make/core-make release-v3.0.3
Cloning into 'release-v1.0.0'...
done.
Success: git -C /home/xel/Documents/github/CY8CKIT-062-WIFI-BT_SmartDevice/src/mtb_shared/cat1cm0p clone --origin cypress --no-checkout /home/xel/.modustoolbox/git/cache/git/https___github.com_Infineon_cat1cm0p/cat1cm0p release-v1.0.0
Starting: git -C /home/xel/Documents/github/CY8CKIT-062-WIFI-BT_SmartDevice/src/mtb_shared/mtb-hal-cat1 clone --origin cypress --no-checkout /home/xel/.modustoolbox/git/cache/git/https___github.com_cypresssemiconductorco_mtb-hal-cat1/mtb-hal-cat1 release-v2.3.0
Cloning into 'release-v3.3.1'...
Cloning into 'release-v3.0.3'...
Cloning into 'release-v2.3.0'...
done.
Success: git -C /home/xel/Documents/github/CY8CKIT-062-WIFI-BT_SmartDevice/src/mtb_shared/mtb-hal-cat1 clone --origin cypress --no-checkout /home/xel/.modustoolbox/git/cache/git/https___github.com_cypresssemiconductorco_mtb-hal-cat1/mtb-hal-cat1 release-v2.3.0
Starting: git -C /home/xel/Documents/github/CY8CKIT-062-WIFI-BT_SmartDevice/src/mtb_shared/recipe-make-cat1a clone --origin cypress --no-checkout /home/xel/.modustoolbox/git/cache/git/https___github.com_cypresssemiconductorco_recipe-make-cat1a/recipe-make-cat1a release-v2.0.0
done.
Success: git -C /home/xel/Documents/github/CY8CKIT-062-WIFI-BT_SmartDevice/src/mtb_shared/mtb-pdl-cat1 clone --origin cypress --no-checkout /home/xel/.modustoolbox/git/cache/git/https___github.com_cypresssemiconductorco_mtb-pdl-cat1/mtb-pdl-cat1 release-v3.3.1
Starting: git -C /home/xel/Documents/github/CY8CKIT-062-WIFI-BT_SmartDevice/src/mtb_shared/udb-sdio-whd clone --origin cypress --no-checkout /home/xel/.modustoolbox/git/cache/git/https___github.com_cypresssemiconductorco_udb-sdio-whd/udb-sdio-whd release-v1.2.1
done.
Cloning into 'release-v2.0.0'...
done.
Success: git -C /home/xel/Documents/github/CY8CKIT-062-WIFI-BT_SmartDevice/src/mtb_shared/core-make clone --origin cypress --no-checkout /home/xel/.modustoolbox/git/cache/git/https___github.com_cypresssemiconductorco_core-make/core-make release-v3.0.3
Starting: git -C /home/xel/Documents/github/CY8CKIT-062-WIFI-BT_SmartDevice/src/mtb_shared/cmsis clone --origin cypress --no-checkout /home/xel/.modustoolbox/git/cache/git/https___github.com_Infineon_cmsis/cmsis release-v5.8.0
Cloning into 'release-v1.2.1'...
Success: git -C /home/xel/Documents/github/CY8CKIT-062-WIFI-BT_SmartDevice/src/mtb_shared/recipe-make-cat1a clone --origin cypress --no-checkout /home/xel/.modustoolbox/git/cache/git/https___github.com_cypresssemiconductorco_recipe-make-cat1a/recipe-make-cat1a release-v2.0.0
Starting: git -C /home/xel/Documents/github/CY8CKIT-062-WIFI-BT_SmartDevice/src/SmartDevice/libs/TARGET_CY8CKIT-062-WIFI-BT checkout release-v4.1.0
done.
Cloning into 'release-v5.8.0'...
done.
Success: git -C /home/xel/Documents/github/CY8CKIT-062-WIFI-BT_SmartDevice/src/mtb_shared/udb-sdio-whd clone --origin cypress --no-checkout /home/xel/.modustoolbox/git/cache/git/https___github.com_cypresssemiconductorco_udb-sdio-whd/udb-sdio-whd release-v1.2.1
Starting: git -C /home/xel/Documents/github/CY8CKIT-062-WIFI-BT_SmartDevice/src/mtb_shared/core-lib/release-v1.3.1 checkout release-v1.3.1
Success: git -C /home/xel/Documents/github/CY8CKIT-062-WIFI-BT_SmartDevice/src/mtb_shared/cmsis clone --origin cypress --no-checkout /home/xel/.modustoolbox/git/cache/git/https___github.com_Infineon_cmsis/cmsis release-v5.8.0
Starting: git -C /home/xel/Documents/github/CY8CKIT-062-WIFI-BT_SmartDevice/src/mtb_shared/cat1cm0p/release-v1.0.0 checkout release-v1.0.0
Note: switching to 'release-v1.3.1'.

You are in 'detached HEAD' state. You can look around, make experimental
changes and commit them, and you can discard any commits you make in this
state without impacting any branches by switching back to a branch.

If you want to create a new branch to retain commits you create, you may
do so (now or later) by using -c with the switch command. Example:

  git switch -c <new-branch-name>

Or undo this operation with:

  git switch -

Turn off this advice by setting config variable advice.detachedHead to false

HEAD is now at 1c1cb8a Upload core-lib 1.3.1.29660
Success: git -C /home/xel/Documents/github/CY8CKIT-062-WIFI-BT_SmartDevice/src/mtb_shared/core-lib/release-v1.3.1 checkout release-v1.3.1
Starting: git -C /home/xel/Documents/github/CY8CKIT-062-WIFI-BT_SmartDevice/src/mtb_shared/mtb-hal-cat1/release-v2.3.0 checkout release-v2.3.0
Note: switching to 'release-v4.1.0'.

You are in 'detached HEAD' state. You can look around, make experimental
changes and commit them, and you can discard any commits you make in this
state without impacting any branches by switching back to a branch.

If you want to create a new branch to retain commits you create, you may
do so (now or later) by using -c with the switch command. Example:

  git switch -c <new-branch-name>

Or undo this operation with:

  git switch -

Turn off this advice by setting config variable advice.detachedHead to false

HEAD is now at 5acdcb7 Upload TARGET_CY8CKIT-062-WIFI-BT [347]
Success: git -C /home/xel/Documents/github/CY8CKIT-062-WIFI-BT_SmartDevice/src/SmartDevice/libs/TARGET_CY8CKIT-062-WIFI-BT checkout release-v4.1.0
Starting: git -C /home/xel/Documents/github/CY8CKIT-062-WIFI-BT_SmartDevice/src/mtb_shared/mtb-pdl-cat1/release-v3.3.1 checkout release-v3.3.1
Note: switching to 'release-v1.0.0'.

You are in 'detached HEAD' state. You can look around, make experimental
changes and commit them, and you can discard any commits you make in this
state without impacting any branches by switching back to a branch.

If you want to create a new branch to retain commits you create, you may
do so (now or later) by using -c with the switch command. Example:

  git switch -c <new-branch-name>

Or undo this operation with:

  git switch -

Turn off this advice by setting config variable advice.detachedHead to false

HEAD is now at b3d4b82 Upload cat1cm0p 1.0.0.148
Success: git -C /home/xel/Documents/github/CY8CKIT-062-WIFI-BT_SmartDevice/src/mtb_shared/cat1cm0p/release-v1.0.0 checkout release-v1.0.0
Starting: git -C /home/xel/Documents/github/CY8CKIT-062-WIFI-BT_SmartDevice/src/mtb_shared/core-make/release-v3.0.3 checkout release-v3.0.3
Note: switching to 'release-v3.0.3'.

You are in 'detached HEAD' state. You can look around, make experimental
changes and commit them, and you can discard any commits you make in this
state without impacting any branches by switching back to a branch.

If you want to create a new branch to retain commits you create, you may
do so (now or later) by using -c with the switch command. Example:

  git switch -c <new-branch-name>

Or undo this operation with:

  git switch -

Turn off this advice by setting config variable advice.detachedHead to false

HEAD is now at 9137ac7 Upload core-make 3.0.3.4386 [782]
Success: git -C /home/xel/Documents/github/CY8CKIT-062-WIFI-BT_SmartDevice/src/mtb_shared/core-make/release-v3.0.3 checkout release-v3.0.3
Starting: git -C /home/xel/Documents/github/CY8CKIT-062-WIFI-BT_SmartDevice/src/mtb_shared/recipe-make-cat1a/release-v2.0.0 checkout release-v2.0.0
Note: switching to 'release-v2.0.0'.

You are in 'detached HEAD' state. You can look around, make experimental
changes and commit them, and you can discard any commits you make in this
state without impacting any branches by switching back to a branch.

If you want to create a new branch to retain commits you create, you may
do so (now or later) by using -c with the switch command. Example:

  git switch -c <new-branch-name>

Or undo this operation with:

  git switch -

Turn off this advice by setting config variable advice.detachedHead to false

HEAD is now at 28d875a Upload recipe-make-cat1a 2.0.0.4056
Success: git -C /home/xel/Documents/github/CY8CKIT-062-WIFI-BT_SmartDevice/src/mtb_shared/recipe-make-cat1a/release-v2.0.0 checkout release-v2.0.0
Starting: git -C /home/xel/Documents/github/CY8CKIT-062-WIFI-BT_SmartDevice/src/mtb_shared/udb-sdio-whd/release-v1.2.1 checkout release-v1.2.1
Note: switching to 'release-v1.2.1'.

You are in 'detached HEAD' state. You can look around, make experimental
changes and commit them, and you can discard any commits you make in this
state without impacting any branches by switching back to a branch.

If you want to create a new branch to retain commits you create, you may
do so (now or later) by using -c with the switch command. Example:

  git switch -c <new-branch-name>

Or undo this operation with:

  git switch -

Turn off this advice by setting config variable advice.detachedHead to false

HEAD is now at 9ecf7fb Upload udb-sdio-whd [990]
Success: git -C /home/xel/Documents/github/CY8CKIT-062-WIFI-BT_SmartDevice/src/mtb_shared/udb-sdio-whd/release-v1.2.1 checkout release-v1.2.1
Starting: git -C /home/xel/Documents/github/CY8CKIT-062-WIFI-BT_SmartDevice/src/mtb_shared/cmsis/release-v5.8.0 checkout release-v5.8.0
Note: switching to 'release-v5.8.0'.

You are in 'detached HEAD' state. You can look around, make experimental
changes and commit them, and you can discard any commits you make in this
state without impacting any branches by switching back to a branch.

If you want to create a new branch to retain commits you create, you may
do so (now or later) by using -c with the switch command. Example:

  git switch -c <new-branch-name>

Or undo this operation with:

  git switch -

Turn off this advice by setting config variable advice.detachedHead to false

HEAD is now at ce02f64 Upload cmsis 5.8.0.50
Success: git -C /home/xel/Documents/github/CY8CKIT-062-WIFI-BT_SmartDevice/src/mtb_shared/cmsis/release-v5.8.0 checkout release-v5.8.0
Starting: git -C /home/xel/Documents/github/CY8CKIT-062-WIFI-BT_SmartDevice/src/mtb_shared/core-lib/release-v1.3.1 remote set-url cypress https://github.com/cypresssemiconductorco/core-lib
Success: git -C /home/xel/Documents/github/CY8CKIT-062-WIFI-BT_SmartDevice/src/mtb_shared/core-lib/release-v1.3.1 remote set-url cypress https://github.com/cypresssemiconductorco/core-lib
Starting: git -C /home/xel/Documents/github/CY8CKIT-062-WIFI-BT_SmartDevice/src/SmartDevice/libs/TARGET_CY8CKIT-062-WIFI-BT remote set-url cypress https://github.com/cypresssemiconductorco/TARGET_CY8CKIT-062-WIFI-BT
Success: git -C /home/xel/Documents/github/CY8CKIT-062-WIFI-BT_SmartDevice/src/SmartDevice/libs/TARGET_CY8CKIT-062-WIFI-BT remote set-url cypress https://github.com/cypresssemiconductorco/TARGET_CY8CKIT-062-WIFI-BT
Starting: git -C /home/xel/Documents/github/CY8CKIT-062-WIFI-BT_SmartDevice/src/mtb_shared/cat1cm0p/release-v1.0.0 remote set-url cypress https://github.com/Infineon/cat1cm0p
Success: git -C /home/xel/Documents/github/CY8CKIT-062-WIFI-BT_SmartDevice/src/mtb_shared/cat1cm0p/release-v1.0.0 remote set-url cypress https://github.com/Infineon/cat1cm0p
Starting: git -C /home/xel/Documents/github/CY8CKIT-062-WIFI-BT_SmartDevice/src/mtb_shared/core-make/release-v3.0.3 remote set-url cypress https://github.com/cypresssemiconductorco/core-make
Success: git -C /home/xel/Documents/github/CY8CKIT-062-WIFI-BT_SmartDevice/src/mtb_shared/core-make/release-v3.0.3 remote set-url cypress https://github.com/cypresssemiconductorco/core-make
Starting: git -C /home/xel/Documents/github/CY8CKIT-062-WIFI-BT_SmartDevice/src/mtb_shared/recipe-make-cat1a/release-v2.0.0 remote set-url cypress https://github.com/cypresssemiconductorco/recipe-make-cat1a
Success: git -C /home/xel/Documents/github/CY8CKIT-062-WIFI-BT_SmartDevice/src/mtb_shared/recipe-make-cat1a/release-v2.0.0 remote set-url cypress https://github.com/cypresssemiconductorco/recipe-make-cat1a
Starting: git -C /home/xel/Documents/github/CY8CKIT-062-WIFI-BT_SmartDevice/src/mtb_shared/udb-sdio-whd/release-v1.2.1 remote set-url cypress https://github.com/cypresssemiconductorco/udb-sdio-whd
Success: git -C /home/xel/Documents/github/CY8CKIT-062-WIFI-BT_SmartDevice/src/mtb_shared/udb-sdio-whd/release-v1.2.1 remote set-url cypress https://github.com/cypresssemiconductorco/udb-sdio-whd
Starting: git -C /home/xel/Documents/github/CY8CKIT-062-WIFI-BT_SmartDevice/src/mtb_shared/cmsis/release-v5.8.0 remote set-url cypress https://github.com/Infineon/cmsis
Success: git -C /home/xel/Documents/github/CY8CKIT-062-WIFI-BT_SmartDevice/src/mtb_shared/cmsis/release-v5.8.0 remote set-url cypress https://github.com/Infineon/cmsis
Starting: git -C /home/xel/Documents/github/CY8CKIT-062-WIFI-BT_SmartDevice/src/mtb_shared/core-lib/release-v1.3.1 remote set-url --push cypress https://github.com/cypresssemiconductorco/core-lib
Note: switching to 'release-v2.3.0'.

You are in 'detached HEAD' state. You can look around, make experimental
changes and commit them, and you can discard any commits you make in this
state without impacting any branches by switching back to a branch.

If you want to create a new branch to retain commits you create, you may
do so (now or later) by using -c with the switch command. Example:

  git switch -c <new-branch-name>

Or undo this operation with:

  git switch -

Turn off this advice by setting config variable advice.detachedHead to false

HEAD is now at b62baf5 Upload mtb-hal-cat1 [990]
Success: git -C /home/xel/Documents/github/CY8CKIT-062-WIFI-BT_SmartDevice/src/mtb_shared/core-lib/release-v1.3.1 remote set-url --push cypress https://github.com/cypresssemiconductorco/core-lib
Starting: git -C /home/xel/Documents/github/CY8CKIT-062-WIFI-BT_SmartDevice/src/SmartDevice/libs/TARGET_CY8CKIT-062-WIFI-BT remote set-url --push cypress https://github.com/cypresssemiconductorco/TARGET_CY8CKIT-062-WIFI-BT
Success: git -C /home/xel/Documents/github/CY8CKIT-062-WIFI-BT_SmartDevice/src/mtb_shared/mtb-hal-cat1/release-v2.3.0 checkout release-v2.3.0
Starting: git -C /home/xel/Documents/github/CY8CKIT-062-WIFI-BT_SmartDevice/src/mtb_shared/cat1cm0p/release-v1.0.0 remote set-url --push cypress https://github.com/Infineon/cat1cm0p
Success: git -C /home/xel/Documents/github/CY8CKIT-062-WIFI-BT_SmartDevice/src/SmartDevice/libs/TARGET_CY8CKIT-062-WIFI-BT remote set-url --push cypress https://github.com/cypresssemiconductorco/TARGET_CY8CKIT-062-WIFI-BT
Starting: git -C /home/xel/Documents/github/CY8CKIT-062-WIFI-BT_SmartDevice/src/mtb_shared/core-make/release-v3.0.3 remote set-url --push cypress https://github.com/cypresssemiconductorco/core-make
Success: git -C /home/xel/Documents/github/CY8CKIT-062-WIFI-BT_SmartDevice/src/mtb_shared/cat1cm0p/release-v1.0.0 remote set-url --push cypress https://github.com/Infineon/cat1cm0p
Starting: git -C /home/xel/Documents/github/CY8CKIT-062-WIFI-BT_SmartDevice/src/mtb_shared/recipe-make-cat1a/release-v2.0.0 remote set-url --push cypress https://github.com/cypresssemiconductorco/recipe-make-cat1a
Success: git -C /home/xel/Documents/github/CY8CKIT-062-WIFI-BT_SmartDevice/src/mtb_shared/core-make/release-v3.0.3 remote set-url --push cypress https://github.com/cypresssemiconductorco/core-make
Starting: git -C /home/xel/Documents/github/CY8CKIT-062-WIFI-BT_SmartDevice/src/mtb_shared/udb-sdio-whd/release-v1.2.1 remote set-url --push cypress https://github.com/cypresssemiconductorco/udb-sdio-whd
Success: git -C /home/xel/Documents/github/CY8CKIT-062-WIFI-BT_SmartDevice/src/mtb_shared/recipe-make-cat1a/release-v2.0.0 remote set-url --push cypress https://github.com/cypresssemiconductorco/recipe-make-cat1a
Starting: git -C /home/xel/Documents/github/CY8CKIT-062-WIFI-BT_SmartDevice/src/mtb_shared/cmsis/release-v5.8.0 remote set-url --push cypress https://github.com/Infineon/cmsis
Success: git -C /home/xel/Documents/github/CY8CKIT-062-WIFI-BT_SmartDevice/src/mtb_shared/udb-sdio-whd/release-v1.2.1 remote set-url --push cypress https://github.com/cypresssemiconductorco/udb-sdio-whd
Starting: git -C /home/xel/Documents/github/CY8CKIT-062-WIFI-BT_SmartDevice/src/mtb_shared/core-lib/release-v1.3.1 remote add cypress-offline /home/xel/.modustoolbox/offline/git/https___github.com_cypresssemiconductorco_core-lib/core-lib
Success: git -C /home/xel/Documents/github/CY8CKIT-062-WIFI-BT_SmartDevice/src/mtb_shared/cmsis/release-v5.8.0 remote set-url --push cypress https://github.com/Infineon/cmsis
Starting: git -C /home/xel/Documents/github/CY8CKIT-062-WIFI-BT_SmartDevice/src/mtb_shared/mtb-hal-cat1/release-v2.3.0 remote set-url cypress https://github.com/cypresssemiconductorco/mtb-hal-cat1
Success: git -C /home/xel/Documents/github/CY8CKIT-062-WIFI-BT_SmartDevice/src/mtb_shared/core-lib/release-v1.3.1 remote add cypress-offline /home/xel/.modustoolbox/offline/git/https___github.com_cypresssemiconductorco_core-lib/core-lib
Starting: git -C /home/xel/Documents/github/CY8CKIT-062-WIFI-BT_SmartDevice/src/SmartDevice/libs/TARGET_CY8CKIT-062-WIFI-BT remote add cypress-offline /home/xel/.modustoolbox/offline/git/https___github.com_cypresssemiconductorco_TARGET_CY8CKIT-062-WIFI-BT/TARGET_CY8CKIT-062-WIFI-BT
Success: git -C /home/xel/Documents/github/CY8CKIT-062-WIFI-BT_SmartDevice/src/mtb_shared/mtb-hal-cat1/release-v2.3.0 remote set-url cypress https://github.com/cypresssemiconductorco/mtb-hal-cat1
Starting: git -C /home/xel/Documents/github/CY8CKIT-062-WIFI-BT_SmartDevice/src/mtb_shared/cat1cm0p/release-v1.0.0 remote add cypress-offline /home/xel/.modustoolbox/offline/git/https___github.com_Infineon_cat1cm0p/cat1cm0p
Success: git -C /home/xel/Documents/github/CY8CKIT-062-WIFI-BT_SmartDevice/src/SmartDevice/libs/TARGET_CY8CKIT-062-WIFI-BT remote add cypress-offline /home/xel/.modustoolbox/offline/git/https___github.com_cypresssemiconductorco_TARGET_CY8CKIT-062-WIFI-BT/TARGET_CY8CKIT-062-WIFI-BT
Starting: git -C /home/xel/Documents/github/CY8CKIT-062-WIFI-BT_SmartDevice/src/mtb_shared/core-make/release-v3.0.3 remote add cypress-offline /home/xel/.modustoolbox/offline/git/https___github.com_cypresssemiconductorco_core-make/core-make
Success: git -C /home/xel/Documents/github/CY8CKIT-062-WIFI-BT_SmartDevice/src/mtb_shared/cat1cm0p/release-v1.0.0 remote add cypress-offline /home/xel/.modustoolbox/offline/git/https___github.com_Infineon_cat1cm0p/cat1cm0p
Starting: git -C /home/xel/Documents/github/CY8CKIT-062-WIFI-BT_SmartDevice/src/mtb_shared/recipe-make-cat1a/release-v2.0.0 remote add cypress-offline /home/xel/.modustoolbox/offline/git/https___github.com_cypresssemiconductorco_recipe-make-cat1a/recipe-make-cat1a
Success: git -C /home/xel/Documents/github/CY8CKIT-062-WIFI-BT_SmartDevice/src/mtb_shared/core-make/release-v3.0.3 remote add cypress-offline /home/xel/.modustoolbox/offline/git/https___github.com_cypresssemiconductorco_core-make/core-make
Starting: git -C /home/xel/Documents/github/CY8CKIT-062-WIFI-BT_SmartDevice/src/mtb_shared/udb-sdio-whd/release-v1.2.1 remote add cypress-offline /home/xel/.modustoolbox/offline/git/https___github.com_cypresssemiconductorco_udb-sdio-whd/udb-sdio-whd
Success: git -C /home/xel/Documents/github/CY8CKIT-062-WIFI-BT_SmartDevice/src/mtb_shared/recipe-make-cat1a/release-v2.0.0 remote add cypress-offline /home/xel/.modustoolbox/offline/git/https___github.com_cypresssemiconductorco_recipe-make-cat1a/recipe-make-cat1a
Starting: git -C /home/xel/Documents/github/CY8CKIT-062-WIFI-BT_SmartDevice/src/mtb_shared/cmsis/release-v5.8.0 remote add cypress-offline /home/xel/.modustoolbox/offline/git/https___github.com_Infineon_cmsis/cmsis
Success: git -C /home/xel/Documents/github/CY8CKIT-062-WIFI-BT_SmartDevice/src/mtb_shared/udb-sdio-whd/release-v1.2.1 remote add cypress-offline /home/xel/.modustoolbox/offline/git/https___github.com_cypresssemiconductorco_udb-sdio-whd/udb-sdio-whd
Starting: git -C /home/xel/Documents/github/CY8CKIT-062-WIFI-BT_SmartDevice/src/mtb_shared/mtb-hal-cat1/release-v2.3.0 remote set-url --push cypress https://github.com/cypresssemiconductorco/mtb-hal-cat1
Success: git -C /home/xel/Documents/github/CY8CKIT-062-WIFI-BT_SmartDevice/src/mtb_shared/cmsis/release-v5.8.0 remote add cypress-offline /home/xel/.modustoolbox/offline/git/https___github.com_Infineon_cmsis/cmsis
Success: git -C /home/xel/Documents/github/CY8CKIT-062-WIFI-BT_SmartDevice/src/mtb_shared/mtb-hal-cat1/release-v2.3.0 remote set-url --push cypress https://github.com/cypresssemiconductorco/mtb-hal-cat1
Starting: git -C /home/xel/Documents/github/CY8CKIT-062-WIFI-BT_SmartDevice/src/mtb_shared/mtb-hal-cat1/release-v2.3.0 remote add cypress-offline /home/xel/.modustoolbox/offline/git/https___github.com_cypresssemiconductorco_mtb-hal-cat1/mtb-hal-cat1
Success: git -C /home/xel/Documents/github/CY8CKIT-062-WIFI-BT_SmartDevice/src/mtb_shared/mtb-hal-cat1/release-v2.3.0 remote add cypress-offline /home/xel/.modustoolbox/offline/git/https___github.com_cypresssemiconductorco_mtb-hal-cat1/mtb-hal-cat1
Note: switching to 'release-v3.3.1'.

You are in 'detached HEAD' state. You can look around, make experimental
changes and commit them, and you can discard any commits you make in this
state without impacting any branches by switching back to a branch.

If you want to create a new branch to retain commits you create, you may
do so (now or later) by using -c with the switch command. Example:

  git switch -c <new-branch-name>

Or undo this operation with:

  git switch -

Turn off this advice by setting config variable advice.detachedHead to false

HEAD is now at 8ed7d45 Upload mtb-pdl-cat1 3.3.1.23506 [1188]
Success: git -C /home/xel/Documents/github/CY8CKIT-062-WIFI-BT_SmartDevice/src/mtb_shared/mtb-pdl-cat1/release-v3.3.1 checkout release-v3.3.1
Starting: git -C /home/xel/Documents/github/CY8CKIT-062-WIFI-BT_SmartDevice/src/mtb_shared/mtb-pdl-cat1/release-v3.3.1 remote set-url cypress https://github.com/cypresssemiconductorco/mtb-pdl-cat1
Success: git -C /home/xel/Documents/github/CY8CKIT-062-WIFI-BT_SmartDevice/src/mtb_shared/mtb-pdl-cat1/release-v3.3.1 remote set-url cypress https://github.com/cypresssemiconductorco/mtb-pdl-cat1
Starting: git -C /home/xel/Documents/github/CY8CKIT-062-WIFI-BT_SmartDevice/src/mtb_shared/mtb-pdl-cat1/release-v3.3.1 remote set-url --push cypress https://github.com/cypresssemiconductorco/mtb-pdl-cat1
Success: git -C /home/xel/Documents/github/CY8CKIT-062-WIFI-BT_SmartDevice/src/mtb_shared/mtb-pdl-cat1/release-v3.3.1 remote set-url --push cypress https://github.com/cypresssemiconductorco/mtb-pdl-cat1
Starting: git -C /home/xel/Documents/github/CY8CKIT-062-WIFI-BT_SmartDevice/src/mtb_shared/mtb-pdl-cat1/release-v3.3.1 remote add cypress-offline /home/xel/.modustoolbox/offline/git/https___github.com_cypresssemiconductorco_mtb-pdl-cat1/mtb-pdl-cat1
Success: git -C /home/xel/Documents/github/CY8CKIT-062-WIFI-BT_SmartDevice/src/mtb_shared/mtb-pdl-cat1/release-v3.3.1 remote add cypress-offline /home/xel/.modustoolbox/offline/git/https___github.com_cypresssemiconductorco_mtb-pdl-cat1/mtb-pdl-cat1
Requested to change the active target to 'APP_CY8CKIT-062-WIFI-BT'.
Removed the file '/home/xel/Documents/github/CY8CKIT-062-WIFI-BT_SmartDevice/src/SmartDevice/deps/TARGET_CY8CKIT-062-WIFI-BT.mtb'.
Writing the file '/home/xel/Documents/github/CY8CKIT-062-WIFI-BT_SmartDevice/src/SmartDevice/libs/app.mk'.
Successfully committed changes to the project 'mtb-example-empty-app'.
Project "SmartDevice" created successfully.
Successfully created "SmartDevice" application.
==============================================================================
= Export "SmartDevice" application to Eclipse IDE for ModusToolbox™ =
==============================================================================
make eclipse CY_IDE_PRJNAME=SmartDevice CY_MAKE_IDE=eclipse CY_MAKE_IDE_VERSION=3.0 CY_TOOLS_PATHS=/home/xel/ModusToolbox/tools_3.0 MTB_MAKE_ECLIPSE_FORCE_REGENERATE_PROJECT=1
Tools Directory: /home/xel/ModusToolbox/tools_3.0
Searching installed tools in progress...
Searching installed tools complete




Prebuild operations complete

Auto-discovery in progress...
Auto-discovery complete
Commencing build operations...

Tools Directory: /home/xel/ModusToolbox/tools_3.0

Initializing build: mtb-example-empty-app Debug APP_CY8CKIT-062-WIFI-BT GCC_ARM

Constructing build rules...
Build rules construction complete

==============================================================================
= Generating IDE files =
==============================================================================
Generated /home/xel/Documents/github/CY8CKIT-062-WIFI-BT_SmartDevice/src/SmartDevice/.mtbLaunchConfigs/SmartDevice Attach (JLink).launch
Generated /home/xel/Documents/github/CY8CKIT-062-WIFI-BT_SmartDevice/src/SmartDevice/.mtbLaunchConfigs/SmartDevice Attach (KitProg3_MiniProg4).launch
Generated /home/xel/Documents/github/CY8CKIT-062-WIFI-BT_SmartDevice/src/SmartDevice/.mtbLaunchConfigs/SmartDevice Debug (JLink).launch
Generated /home/xel/Documents/github/CY8CKIT-062-WIFI-BT_SmartDevice/src/SmartDevice/.mtbLaunchConfigs/SmartDevice Debug (KitProg3_MiniProg4).launch
Generated /home/xel/Documents/github/CY8CKIT-062-WIFI-BT_SmartDevice/src/SmartDevice/.mtbLaunchConfigs/SmartDevice Erase (JLink).launch
Generated /home/xel/Documents/github/CY8CKIT-062-WIFI-BT_SmartDevice/src/SmartDevice/.mtbLaunchConfigs/SmartDevice Erase (KitProg3_MiniProg4).launch
Generated /home/xel/Documents/github/CY8CKIT-062-WIFI-BT_SmartDevice/src/SmartDevice/.mtbLaunchConfigs/SmartDevice Program (JLink).launch
Generated /home/xel/Documents/github/CY8CKIT-062-WIFI-BT_SmartDevice/src/SmartDevice/.mtbLaunchConfigs/SmartDevice Program (KitProg3_MiniProg4).launch
Generated /home/xel/Documents/github/CY8CKIT-062-WIFI-BT_SmartDevice/src/SmartDevice/.project
Generated /home/xel/Documents/github/CY8CKIT-062-WIFI-BT_SmartDevice/src/SmartDevice/.cproject
Instructions:
1. Open Eclipse IDE for ModusToolbox
2. Select 'Import Existing Application In-Place' from the QuickPanel
3. Browse to the application root directory
  
The application "SmartDevice" was successfully exported to Eclipse IDE for ModusToolbox™.
0 error(s), 0 warning(s)

Summary:

Successfully created and exported "SmartDevice" application.
